<?xml version="1.0" encoding="UTF-8"?>
<testsuite xmlns:xsi="http://www.w3.org/2001/XMLSchema-instance" xsi:noNamespaceSchemaLocation="https://maven.apache.org/surefire/maven-surefire-plugin/xsd/surefire-test-report.xsd" name="Users.UserCoursesTest" time="0" tests="2" errors="0" skipped="0" failures="0">
  <properties>
    <property name="gopherProxySet" value="false"/>
    <property name="awt.toolkit" value="sun.lwawt.macosx.LWCToolkit"/>
    <property name="file.encoding.pkg" value="sun.io"/>
    <property name="java.specification.version" value="1.8"/>
    <property name="sun.cpu.isalist" value=""/>
    <property name="sun.jnu.encoding" value="UTF-8"/>
    <property name="java.class.path" value="/Users/mahimabhayana/Documents/CSCC01/csc01teamprojectrepo4/UTSearCh/target/test-classes:/Users/mahimabhayana/Documents/CSCC01/csc01teamprojectrepo4/UTSearCh/target/classes:/Users/mahimabhayana/.m2/repository/junit/junit/4.8.1/junit-4.8.1.jar:/Users/mahimabhayana/.m2/repository/org/json/json/20180130/json-20180130.jar:/Users/mahimabhayana/.m2/repository/javax/servlet/javax.servlet-api/3.1.0/javax.servlet-api-3.1.0.jar:/Users/mahimabhayana/.m2/repository/com/google/code/gson/gson/2.2.2/gson-2.2.2.jar:/Users/mahimabhayana/.m2/repository/org/apache/lucene/lucene-highlighter/7.3.1/lucene-highlighter-7.3.1.jar:/Users/mahimabhayana/.m2/repository/org/apache/lucene/lucene-join/7.3.1/lucene-join-7.3.1.jar:/Users/mahimabhayana/.m2/repository/org/apache/lucene/lucene-memory/7.3.1/lucene-memory-7.3.1.jar:/Users/mahimabhayana/.m2/repository/org/apache/lucene/lucene-queries/7.3.1/lucene-queries-7.3.1.jar:/Users/mahimabhayana/.m2/repository/org/apache/lucene/lucene-analyzers-common/7.3.1/lucene-analyzers-common-7.3.1.jar:/Users/mahimabhayana/.m2/repository/org/apache/lucene/lucene-core/7.3.1/lucene-core-7.3.1.jar:/Users/mahimabhayana/.m2/repository/edu/uci/ics/crawler4j/4.4.0/crawler4j-4.4.0.jar:/Users/mahimabhayana/.m2/repository/org/slf4j/slf4j-api/1.7.22/slf4j-api-1.7.22.jar:/Users/mahimabhayana/.m2/repository/ch/qos/logback/logback-classic/1.1.7/logback-classic-1.1.7.jar:/Users/mahimabhayana/.m2/repository/ch/qos/logback/logback-core/1.1.7/logback-core-1.1.7.jar:/Users/mahimabhayana/.m2/repository/com/google/guava/guava/24.0-jre/guava-24.0-jre.jar:/Users/mahimabhayana/.m2/repository/com/google/code/findbugs/jsr305/1.3.9/jsr305-1.3.9.jar:/Users/mahimabhayana/.m2/repository/org/checkerframework/checker-compat-qual/2.0.0/checker-compat-qual-2.0.0.jar:/Users/mahimabhayana/.m2/repository/com/google/errorprone/error_prone_annotations/2.1.3/error_prone_annotations-2.1.3.jar:/Users/mahimabhayana/.m2/repository/com/google/j2objc/j2objc-annotations/1.1/j2objc-annotations-1.1.jar:/Users/mahimabhayana/.m2/repository/org/codehaus/mojo/animal-sniffer-annotations/1.14/animal-sniffer-annotations-1.14.jar:/Users/mahimabhayana/.m2/repository/com/sleepycat/je/5.0.84/je-5.0.84.jar:/Users/mahimabhayana/.m2/repository/org/apache/tika/tika-parsers/1.16/tika-parsers-1.16.jar:/Users/mahimabhayana/.m2/repository/org/apache/tika/tika-core/1.16/tika-core-1.16.jar:/Users/mahimabhayana/.m2/repository/org/apache/james/apache-mime4j-core/0.8.1/apache-mime4j-core-0.8.1.jar:/Users/mahimabhayana/.m2/repository/org/apache/james/apache-mime4j-dom/0.8.1/apache-mime4j-dom-0.8.1.jar:/Users/mahimabhayana/.m2/repository/org/ccil/cowan/tagsoup/tagsoup/1.2.1/tagsoup-1.2.1.jar:/Users/mahimabhayana/.m2/repository/org/slf4j/jul-to-slf4j/1.7.24/jul-to-slf4j-1.7.24.jar:/Users/mahimabhayana/.m2/repository/org/slf4j/jcl-over-slf4j/1.7.24/jcl-over-slf4j-1.7.24.jar:/Users/mahimabhayana/.m2/repository/commons-io/commons-io/2.5/commons-io-2.5.jar:/Users/mahimabhayana/.m2/repository/commons-fileupload/commons-fileupload/1.3/commons-fileupload-1.3.jar:/Users/mahimabhayana/.m2/repository/commons-lang/commons-lang/2.6/commons-lang-2.6.jar:/Users/mahimabhayana/.m2/repository/org/apache/pdfbox/pdfbox/2.0.8/pdfbox-2.0.8.jar:/Users/mahimabhayana/.m2/repository/org/apache/pdfbox/fontbox/2.0.8/fontbox-2.0.8.jar:/Users/mahimabhayana/.m2/repository/commons-logging/commons-logging/1.2/commons-logging-1.2.jar:/Users/mahimabhayana/.m2/repository/org/mockito/mockito-all/1.9.5/mockito-all-1.9.5.jar:/Users/mahimabhayana/.m2/repository/org/apache/httpcomponents/httpclient/4.5.6/httpclient-4.5.6.jar:/Users/mahimabhayana/.m2/repository/org/apache/httpcomponents/httpcore/4.4.10/httpcore-4.4.10.jar:/Users/mahimabhayana/.m2/repository/commons-codec/commons-codec/1.10/commons-codec-1.10.jar:/Users/mahimabhayana/.m2/repository/org/apache/httpcomponents/httpmime/4.0.1/httpmime-4.0.1.jar:/Users/mahimabhayana/.m2/repository/org/apache/james/apache-mime4j/0.6/apache-mime4j-0.6.jar:/Users/mahimabhayana/.m2/repository/org/springframework/spring-test/5.0.7.RELEASE/spring-test-5.0.7.RELEASE.jar:/Users/mahimabhayana/.m2/repository/org/springframework/spring-core/5.0.7.RELEASE/spring-core-5.0.7.RELEASE.jar:/Users/mahimabhayana/.m2/repository/org/springframework/spring-jcl/5.0.7.RELEASE/spring-jcl-5.0.7.RELEASE.jar:/Users/mahimabhayana/.m2/repository/org/springframework/spring-web/5.0.7.RELEASE/spring-web-5.0.7.RELEASE.jar:/Users/mahimabhayana/.m2/repository/org/springframework/spring-beans/5.0.7.RELEASE/spring-beans-5.0.7.RELEASE.jar:/Users/mahimabhayana/.m2/repository/org/apache/lucene/lucene-queryparser/7.3.1/lucene-queryparser-7.3.1.jar:/Users/mahimabhayana/.m2/repository/org/apache/lucene/lucene-sandbox/7.3.1/lucene-sandbox-7.3.1.jar:/Users/mahimabhayana/.m2/repository/com/google/api-client/google-api-client/1.23.0/google-api-client-1.23.0.jar:/Users/mahimabhayana/.m2/repository/com/google/oauth-client/google-oauth-client/1.23.0/google-oauth-client-1.23.0.jar:/Users/mahimabhayana/.m2/repository/com/google/http-client/google-http-client/1.23.0/google-http-client-1.23.0.jar:/Users/mahimabhayana/.m2/repository/com/google/http-client/google-http-client-jackson2/1.23.0/google-http-client-jackson2-1.23.0.jar:/Users/mahimabhayana/.m2/repository/com/fasterxml/jackson/core/jackson-core/2.1.3/jackson-core-2.1.3.jar:/Users/mahimabhayana/.m2/repository/com/google/guava/guava-jdk5/17.0/guava-jdk5-17.0.jar:/Users/mahimabhayana/.m2/repository/org/xerial/sqlite-jdbc/3.23.1/sqlite-jdbc-3.23.1.jar:/Users/mahimabhayana/.m2/repository/org/jsoup/jsoup/1.8.3/jsoup-1.8.3.jar:/Users/mahimabhayana/.m2/repository/javax/mail/mail/1.5.0-b01/mail-1.5.0-b01.jar:/Users/mahimabhayana/.m2/repository/javax/activation/activation/1.1.1/activation-1.1.1.jar:"/>
    <property name="java.vm.vendor" value="Oracle Corporation"/>
    <property name="sun.arch.data.model" value="64"/>
    <property name="java.vendor.url" value="http://java.oracle.com/"/>
    <property name="user.timezone" value=""/>
    <property name="java.vm.specification.version" value="1.8"/>
    <property name="os.name" value="Mac OS X"/>
    <property name="user.country" value="CA"/>
    <property name="sun.java.launcher" value="SUN_STANDARD"/>
    <property name="sun.boot.library.path" value="/Library/Java/JavaVirtualMachines/jdk1.8.0_91.jdk/Contents/Home/jre/lib"/>
    <property name="sun.java.command" value="/Users/mahimabhayana/Documents/CSCC01/csc01teamprojectrepo4/UTSearCh/target/surefire/surefirebooter2859646747052368559.jar /Users/mahimabhayana/Documents/CSCC01/csc01teamprojectrepo4/UTSearCh/target/surefire 2018-08-06T23-52-06_489-jvmRun1 surefire7860830427593948328tmp surefire_01607529765955219476tmp"/>
    <property name="http.nonProxyHosts" value="local|*.local|169.254/16|*.169.254/16"/>
    <property name="surefire.test.class.path" value="/Users/mahimabhayana/Documents/CSCC01/csc01teamprojectrepo4/UTSearCh/target/test-classes:/Users/mahimabhayana/Documents/CSCC01/csc01teamprojectrepo4/UTSearCh/target/classes:/Users/mahimabhayana/.m2/repository/junit/junit/4.8.1/junit-4.8.1.jar:/Users/mahimabhayana/.m2/repository/org/json/json/20180130/json-20180130.jar:/Users/mahimabhayana/.m2/repository/javax/servlet/javax.servlet-api/3.1.0/javax.servlet-api-3.1.0.jar:/Users/mahimabhayana/.m2/repository/com/google/code/gson/gson/2.2.2/gson-2.2.2.jar:/Users/mahimabhayana/.m2/repository/org/apache/lucene/lucene-highlighter/7.3.1/lucene-highlighter-7.3.1.jar:/Users/mahimabhayana/.m2/repository/org/apache/lucene/lucene-join/7.3.1/lucene-join-7.3.1.jar:/Users/mahimabhayana/.m2/repository/org/apache/lucene/lucene-memory/7.3.1/lucene-memory-7.3.1.jar:/Users/mahimabhayana/.m2/repository/org/apache/lucene/lucene-queries/7.3.1/lucene-queries-7.3.1.jar:/Users/mahimabhayana/.m2/repository/org/apache/lucene/lucene-analyzers-common/7.3.1/lucene-analyzers-common-7.3.1.jar:/Users/mahimabhayana/.m2/repository/org/apache/lucene/lucene-core/7.3.1/lucene-core-7.3.1.jar:/Users/mahimabhayana/.m2/repository/edu/uci/ics/crawler4j/4.4.0/crawler4j-4.4.0.jar:/Users/mahimabhayana/.m2/repository/org/slf4j/slf4j-api/1.7.22/slf4j-api-1.7.22.jar:/Users/mahimabhayana/.m2/repository/ch/qos/logback/logback-classic/1.1.7/logback-classic-1.1.7.jar:/Users/mahimabhayana/.m2/repository/ch/qos/logback/logback-core/1.1.7/logback-core-1.1.7.jar:/Users/mahimabhayana/.m2/repository/com/google/guava/guava/24.0-jre/guava-24.0-jre.jar:/Users/mahimabhayana/.m2/repository/com/google/code/findbugs/jsr305/1.3.9/jsr305-1.3.9.jar:/Users/mahimabhayana/.m2/repository/org/checkerframework/checker-compat-qual/2.0.0/checker-compat-qual-2.0.0.jar:/Users/mahimabhayana/.m2/repository/com/google/errorprone/error_prone_annotations/2.1.3/error_prone_annotations-2.1.3.jar:/Users/mahimabhayana/.m2/repository/com/google/j2objc/j2objc-annotations/1.1/j2objc-annotations-1.1.jar:/Users/mahimabhayana/.m2/repository/org/codehaus/mojo/animal-sniffer-annotations/1.14/animal-sniffer-annotations-1.14.jar:/Users/mahimabhayana/.m2/repository/com/sleepycat/je/5.0.84/je-5.0.84.jar:/Users/mahimabhayana/.m2/repository/org/apache/tika/tika-parsers/1.16/tika-parsers-1.16.jar:/Users/mahimabhayana/.m2/repository/org/apache/tika/tika-core/1.16/tika-core-1.16.jar:/Users/mahimabhayana/.m2/repository/org/apache/james/apache-mime4j-core/0.8.1/apache-mime4j-core-0.8.1.jar:/Users/mahimabhayana/.m2/repository/org/apache/james/apache-mime4j-dom/0.8.1/apache-mime4j-dom-0.8.1.jar:/Users/mahimabhayana/.m2/repository/org/ccil/cowan/tagsoup/tagsoup/1.2.1/tagsoup-1.2.1.jar:/Users/mahimabhayana/.m2/repository/org/slf4j/jul-to-slf4j/1.7.24/jul-to-slf4j-1.7.24.jar:/Users/mahimabhayana/.m2/repository/org/slf4j/jcl-over-slf4j/1.7.24/jcl-over-slf4j-1.7.24.jar:/Users/mahimabhayana/.m2/repository/commons-io/commons-io/2.5/commons-io-2.5.jar:/Users/mahimabhayana/.m2/repository/commons-fileupload/commons-fileupload/1.3/commons-fileupload-1.3.jar:/Users/mahimabhayana/.m2/repository/commons-lang/commons-lang/2.6/commons-lang-2.6.jar:/Users/mahimabhayana/.m2/repository/org/apache/pdfbox/pdfbox/2.0.8/pdfbox-2.0.8.jar:/Users/mahimabhayana/.m2/repository/org/apache/pdfbox/fontbox/2.0.8/fontbox-2.0.8.jar:/Users/mahimabhayana/.m2/repository/commons-logging/commons-logging/1.2/commons-logging-1.2.jar:/Users/mahimabhayana/.m2/repository/org/mockito/mockito-all/1.9.5/mockito-all-1.9.5.jar:/Users/mahimabhayana/.m2/repository/org/apache/httpcomponents/httpclient/4.5.6/httpclient-4.5.6.jar:/Users/mahimabhayana/.m2/repository/org/apache/httpcomponents/httpcore/4.4.10/httpcore-4.4.10.jar:/Users/mahimabhayana/.m2/repository/commons-codec/commons-codec/1.10/commons-codec-1.10.jar:/Users/mahimabhayana/.m2/repository/org/apache/httpcomponents/httpmime/4.0.1/httpmime-4.0.1.jar:/Users/mahimabhayana/.m2/repository/org/apache/james/apache-mime4j/0.6/apache-mime4j-0.6.jar:/Users/mahimabhayana/.m2/repository/org/springframework/spring-test/5.0.7.RELEASE/spring-test-5.0.7.RELEASE.jar:/Users/mahimabhayana/.m2/repository/org/springframework/spring-core/5.0.7.RELEASE/spring-core-5.0.7.RELEASE.jar:/Users/mahimabhayana/.m2/repository/org/springframework/spring-jcl/5.0.7.RELEASE/spring-jcl-5.0.7.RELEASE.jar:/Users/mahimabhayana/.m2/repository/org/springframework/spring-web/5.0.7.RELEASE/spring-web-5.0.7.RELEASE.jar:/Users/mahimabhayana/.m2/repository/org/springframework/spring-beans/5.0.7.RELEASE/spring-beans-5.0.7.RELEASE.jar:/Users/mahimabhayana/.m2/repository/org/apache/lucene/lucene-queryparser/7.3.1/lucene-queryparser-7.3.1.jar:/Users/mahimabhayana/.m2/repository/org/apache/lucene/lucene-sandbox/7.3.1/lucene-sandbox-7.3.1.jar:/Users/mahimabhayana/.m2/repository/com/google/api-client/google-api-client/1.23.0/google-api-client-1.23.0.jar:/Users/mahimabhayana/.m2/repository/com/google/oauth-client/google-oauth-client/1.23.0/google-oauth-client-1.23.0.jar:/Users/mahimabhayana/.m2/repository/com/google/http-client/google-http-client/1.23.0/google-http-client-1.23.0.jar:/Users/mahimabhayana/.m2/repository/com/google/http-client/google-http-client-jackson2/1.23.0/google-http-client-jackson2-1.23.0.jar:/Users/mahimabhayana/.m2/repository/com/fasterxml/jackson/core/jackson-core/2.1.3/jackson-core-2.1.3.jar:/Users/mahimabhayana/.m2/repository/com/google/guava/guava-jdk5/17.0/guava-jdk5-17.0.jar:/Users/mahimabhayana/.m2/repository/org/xerial/sqlite-jdbc/3.23.1/sqlite-jdbc-3.23.1.jar:/Users/mahimabhayana/.m2/repository/org/jsoup/jsoup/1.8.3/jsoup-1.8.3.jar:/Users/mahimabhayana/.m2/repository/javax/mail/mail/1.5.0-b01/mail-1.5.0-b01.jar:/Users/mahimabhayana/.m2/repository/javax/activation/activation/1.1.1/activation-1.1.1.jar:"/>
    <property name="sun.cpu.endian" value="little"/>
    <property name="user.home" value="/Users/mahimabhayana"/>
    <property name="user.language" value="en"/>
    <property name="java.specification.vendor" value="Oracle Corporation"/>
    <property name="java.home" value="/Library/Java/JavaVirtualMachines/jdk1.8.0_91.jdk/Contents/Home/jre"/>
    <property name="basedir" value="/Users/mahimabhayana/Documents/CSCC01/csc01teamprojectrepo4/UTSearCh"/>
    <property name="file.separator" value="/"/>
    <property name="line.separator" value="&#10;"/>
    <property name="java.vm.specification.vendor" value="Oracle Corporation"/>
    <property name="java.specification.name" value="Java Platform API Specification"/>
    <property name="java.awt.graphicsenv" value="sun.awt.CGraphicsEnvironment"/>
    <property name="surefire.real.class.path" value="/Users/mahimabhayana/Documents/CSCC01/csc01teamprojectrepo4/UTSearCh/target/surefire/surefirebooter2859646747052368559.jar"/>
    <property name="sun.boot.class.path" value="/Library/Java/JavaVirtualMachines/jdk1.8.0_91.jdk/Contents/Home/jre/lib/resources.jar:/Library/Java/JavaVirtualMachines/jdk1.8.0_91.jdk/Contents/Home/jre/lib/rt.jar:/Library/Java/JavaVirtualMachines/jdk1.8.0_91.jdk/Contents/Home/jre/lib/sunrsasign.jar:/Library/Java/JavaVirtualMachines/jdk1.8.0_91.jdk/Contents/Home/jre/lib/jsse.jar:/Library/Java/JavaVirtualMachines/jdk1.8.0_91.jdk/Contents/Home/jre/lib/jce.jar:/Library/Java/JavaVirtualMachines/jdk1.8.0_91.jdk/Contents/Home/jre/lib/charsets.jar:/Library/Java/JavaVirtualMachines/jdk1.8.0_91.jdk/Contents/Home/jre/lib/jfr.jar:/Library/Java/JavaVirtualMachines/jdk1.8.0_91.jdk/Contents/Home/jre/classes"/>
    <property name="sun.management.compiler" value="HotSpot 64-Bit Tiered Compilers"/>
    <property name="ftp.nonProxyHosts" value="local|*.local|169.254/16|*.169.254/16"/>
    <property name="java.runtime.version" value="1.8.0_91-b14"/>
    <property name="user.name" value="mahimabhayana"/>
    <property name="path.separator" value=":"/>
    <property name="os.version" value="10.12.6"/>
    <property name="java.endorsed.dirs" value="/Library/Java/JavaVirtualMachines/jdk1.8.0_91.jdk/Contents/Home/jre/lib/endorsed"/>
    <property name="java.runtime.name" value="Java(TM) SE Runtime Environment"/>
    <property name="file.encoding" value="UTF-8"/>
    <property name="java.vm.name" value="Java HotSpot(TM) 64-Bit Server VM"/>
    <property name="localRepository" value="/Users/mahimabhayana/.m2/repository"/>
    <property name="java.vendor.url.bug" value="http://bugreport.sun.com/bugreport/"/>
    <property name="java.io.tmpdir" value="/var/folders/y0/9rvh12cs0956btzk23jyxwk00000gn/T/"/>
    <property name="java.version" value="1.8.0_91"/>
    <property name="user.dir" value="/Users/mahimabhayana/Documents/CSCC01/csc01teamprojectrepo4/UTSearCh"/>
    <property name="os.arch" value="x86_64"/>
    <property name="java.vm.specification.name" value="Java Virtual Machine Specification"/>
    <property name="java.awt.printerjob" value="sun.lwawt.macosx.CPrinterJob"/>
    <property name="sun.os.patch.level" value="unknown"/>
    <property name="java.library.path" value="/Users/mahimabhayana/Library/Java/Extensions:/Library/Java/Extensions:/Network/Library/Java/Extensions:/System/Library/Java/Extensions:/usr/lib/java:."/>
    <property name="java.vm.info" value="mixed mode"/>
    <property name="java.vendor" value="Oracle Corporation"/>
    <property name="java.vm.version" value="25.91-b14"/>
    <property name="java.ext.dirs" value="/Users/mahimabhayana/Library/Java/Extensions:/Library/Java/JavaVirtualMachines/jdk1.8.0_91.jdk/Contents/Home/jre/lib/ext:/Library/Java/Extensions:/Network/Library/Java/Extensions:/System/Library/Java/Extensions:/usr/lib/java"/>
    <property name="sun.io.unicode.encoding" value="UnicodeBig"/>
    <property name="java.class.version" value="52.0"/>
    <property name="socksNonProxyHosts" value="local|*.local|169.254/16|*.169.254/16"/>
  </properties>
  <testcase name="testUserCourses" classname="Users.UserCoursesTest" time="0"/>
  <testcase name="testInvalidUserCourses" classname="Users.UserCoursesTest" time="0"/>
</testsuite>